2025-10-13 01:55:49,355 - GuzoBot - INFO - HTTP Request: POST https://api.telegram.org/bot8275775663:AAHYHpSsk5OAL9aFwaKw5yR4k1L7uRwMstc/getMe "HTTP/1.1 200 OK"
2025-10-13 01:55:49,451 - GuzoBot - INFO - HTTP Request: POST https://api.telegram.org/bot8275775663:AAHYHpSsk5OAL9aFwaKw5yR4k1L7uRwMstc/deleteWebhook "HTTP/1.1 200 OK"
2025-10-13 01:55:49,457 - GuzoBot - INFO - Application started
2025-10-13 01:55:59,809 - GuzoBot - INFO - HTTP Request: POST https://api.telegram.org/bot8275775663:AAHYHpSsk5OAL9aFwaKw5yR4k1L7uRwMstc/getUpdates "HTTP/1.1 200 OK"
2025-10-13 01:56:09,931 - GuzoBot - INFO - HTTP Request: POST https://api.telegram.org/bot8275775663:AAHYHpSsk5OAL9aFwaKw5yR4k1L7uRwMstc/getUpdates "HTTP/1.1 200 OK"
2025-10-13 01:56:20,059 - GuzoBot - INFO - HTTP Request: POST https://api.telegram.org/bot8275775663:AAHYHpSsk5OAL9aFwaKw5yR4k1L7uRwMstc/getUpdates "HTTP/1.1 200 OK"
2025-10-13 01:56:30,181 - GuzoBot - INFO - HTTP Request: POST https://api.telegram.org/bot8275775663:AAHYHpSsk5OAL9aFwaKw5yR4k1L7uRwMstc/getUpdates "HTTP/1.1 200 OK"
2025-10-13 01:56:40,292 - GuzoBot - INFO - HTTP Request: POST https://api.telegram.org/bot8275775663:AAHYHpSsk5OAL9aFwaKw5yR4k1L7uRwMstc/getUpdates "HTTP/1.1 200 OK"
2025-10-13 01:56:50,402 - GuzoBot - INFO - HTTP Request: POST https://api.telegram.org/bot8275775663:AAHYHpSsk5OAL9aFwaKw5yR4k1L7uRwMstc/getUpdates "HTTP/1.1 200 OK"
2025-10-13 01:57:00,511 - GuzoBot - INFO - HTTP Request: POST https://api.telegram.org/bot8275775663:AAHYHpSsk5OAL9aFwaKw5yR4k1L7uRwMstc/getUpdates "HTTP/1.1 200 OK"
2025-10-13 01:57:10,620 - GuzoBot - INFO - HTTP Request: POST https://api.telegram.org/bot8275775663:AAHYHpSsk5OAL9aFwaKw5yR4k1L7uRwMstc/getUpdates "HTTP/1.1 200 OK"
2025-10-13 01:57:12,656 - GuzoBot - INFO - Application is stopping. This might take a moment.
2025-10-13 01:57:12,656 - GuzoBot - INFO - Application.stop() complete
2025-10-13 20:13:21,726 - GuzoBot - INFO - HTTP Request: POST https://api.telegram.org/bot8275775663:AAHYHpSsk5OAL9aFwaKw5yR4k1L7uRwMstc/getMe "HTTP/1.1 200 OK"
2025-10-13 20:13:21,833 - GuzoBot - INFO - HTTP Request: POST https://api.telegram.org/bot8275775663:AAHYHpSsk5OAL9aFwaKw5yR4k1L7uRwMstc/deleteWebhook "HTTP/1.1 200 OK"
2025-10-13 20:13:21,835 - GuzoBot - INFO - Scheduler started
2025-10-13 20:13:21,835 - GuzoBot - INFO - Application started
2025-10-13 20:13:22,133 - GuzoBot - INFO - HTTP Request: POST https://api.telegram.org/bot8275775663:AAHYHpSsk5OAL9aFwaKw5yR4k1L7uRwMstc/getUpdates "HTTP/1.1 200 OK"
2025-10-13 20:13:22,324 - GuzoBot - INFO - HTTP Request: POST https://api.telegram.org/bot8275775663:AAHYHpSsk5OAL9aFwaKw5yR4k1L7uRwMstc/sendMessage "HTTP/1.1 200 OK"
2025-10-13 20:13:32,258 - GuzoBot - INFO - HTTP Request: POST https://api.telegram.org/bot8275775663:AAHYHpSsk5OAL9aFwaKw5yR4k1L7uRwMstc/getUpdates "HTTP/1.1 200 OK"
2025-10-13 20:13:42,368 - GuzoBot - INFO - HTTP Request: POST https://api.telegram.org/bot8275775663:AAHYHpSsk5OAL9aFwaKw5yR4k1L7uRwMstc/getUpdates "HTTP/1.1 200 OK"
2025-10-13 20:13:52,467 - GuzoBot - INFO - HTTP Request: POST https://api.telegram.org/bot8275775663:AAHYHpSsk5OAL9aFwaKw5yR4k1L7uRwMstc/getUpdates "HTTP/1.1 200 OK"
2025-10-13 20:14:02,576 - GuzoBot - INFO - HTTP Request: POST https://api.telegram.org/bot8275775663:AAHYHpSsk5OAL9aFwaKw5yR4k1L7uRwMstc/getUpdates "HTTP/1.1 200 OK"
2025-10-13 20:14:12,676 - GuzoBot - INFO - HTTP Request: POST https://api.telegram.org/bot8275775663:AAHYHpSsk5OAL9aFwaKw5yR4k1L7uRwMstc/getUpdates "HTTP/1.1 200 OK"
2025-10-13 20:14:22,789 - GuzoBot - INFO - HTTP Request: POST https://api.telegram.org/bot8275775663:AAHYHpSsk5OAL9aFwaKw5yR4k1L7uRwMstc/getUpdates "HTTP/1.1 200 OK"
2025-10-13 20:14:32,903 - GuzoBot - INFO - HTTP Request: POST https://api.telegram.org/bot8275775663:AAHYHpSsk5OAL9aFwaKw5yR4k1L7uRwMstc/getUpdates "HTTP/1.1 200 OK"
2025-10-13 20:14:43,333 - GuzoBot - INFO - HTTP Request: POST https://api.telegram.org/bot8275775663:AAHYHpSsk5OAL9aFwaKw5yR4k1L7uRwMstc/getUpdates "HTTP/1.1 200 OK"
2025-10-13 20:14:53,447 - GuzoBot - INFO - HTTP Request: POST https://api.telegram.org/bot8275775663:AAHYHpSsk5OAL9aFwaKw5yR4k1L7uRwMstc/getUpdates "HTTP/1.1 200 OK"
2025-10-13 20:15:03,545 - GuzoBot - INFO - HTTP Request: POST https://api.telegram.org/bot8275775663:AAHYHpSsk5OAL9aFwaKw5yR4k1L7uRwMstc/getUpdates "HTTP/1.1 200 OK"
2025-10-13 20:15:13,659 - GuzoBot - INFO - HTTP Request: POST https://api.telegram.org/bot8275775663:AAHYHpSsk5OAL9aFwaKw5yR4k1L7uRwMstc/getUpdates "HTTP/1.1 200 OK"
2025-10-13 20:15:23,760 - GuzoBot - INFO - HTTP Request: POST https://api.telegram.org/bot8275775663:AAHYHpSsk5OAL9aFwaKw5yR4k1L7uRwMstc/getUpdates "HTTP/1.1 200 OK"
2025-10-13 20:15:33,859 - GuzoBot - INFO - HTTP Request: POST https://api.telegram.org/bot8275775663:AAHYHpSsk5OAL9aFwaKw5yR4k1L7uRwMstc/getUpdates "HTTP/1.1 200 OK"
2025-10-13 20:15:43,956 - GuzoBot - INFO - HTTP Request: POST https://api.telegram.org/bot8275775663:AAHYHpSsk5OAL9aFwaKw5yR4k1L7uRwMstc/getUpdates "HTTP/1.1 200 OK"
2025-10-13 20:15:54,060 - GuzoBot - INFO - HTTP Request: POST https://api.telegram.org/bot8275775663:AAHYHpSsk5OAL9aFwaKw5yR4k1L7uRwMstc/getUpdates "HTTP/1.1 200 OK"
2025-10-13 20:16:04,166 - GuzoBot - INFO - HTTP Request: POST https://api.telegram.org/bot8275775663:AAHYHpSsk5OAL9aFwaKw5yR4k1L7uRwMstc/getUpdates "HTTP/1.1 200 OK"
2025-10-13 20:16:08,969 - GuzoBot - INFO - HTTP Request: POST https://api.telegram.org/bot8275775663:AAHYHpSsk5OAL9aFwaKw5yR4k1L7uRwMstc/getUpdates "HTTP/1.1 200 OK"
2025-10-13 20:16:09,329 - GuzoBot - INFO - HTTP Request: POST https://api.telegram.org/bot8275775663:AAHYHpSsk5OAL9aFwaKw5yR4k1L7uRwMstc/sendMessage "HTTP/1.1 200 OK"
2025-10-13 20:16:19,079 - GuzoBot - INFO - HTTP Request: POST https://api.telegram.org/bot8275775663:AAHYHpSsk5OAL9aFwaKw5yR4k1L7uRwMstc/getUpdates "HTTP/1.1 200 OK"
2025-10-13 20:16:29,176 - GuzoBot - INFO - HTTP Request: POST https://api.telegram.org/bot8275775663:AAHYHpSsk5OAL9aFwaKw5yR4k1L7uRwMstc/getUpdates "HTTP/1.1 200 OK"
2025-10-13 20:16:39,276 - GuzoBot - INFO - HTTP Request: POST https://api.telegram.org/bot8275775663:AAHYHpSsk5OAL9aFwaKw5yR4k1L7uRwMstc/getUpdates "HTTP/1.1 200 OK"
2025-10-13 20:16:49,373 - GuzoBot - INFO - HTTP Request: POST https://api.telegram.org/bot8275775663:AAHYHpSsk5OAL9aFwaKw5yR4k1L7uRwMstc/getUpdates "HTTP/1.1 200 OK"
2025-10-13 20:16:59,471 - GuzoBot - INFO - HTTP Request: POST https://api.telegram.org/bot8275775663:AAHYHpSsk5OAL9aFwaKw5yR4k1L7uRwMstc/getUpdates "HTTP/1.1 200 OK"
2025-10-13 20:17:09,581 - GuzoBot - INFO - HTTP Request: POST https://api.telegram.org/bot8275775663:AAHYHpSsk5OAL9aFwaKw5yR4k1L7uRwMstc/getUpdates "HTTP/1.1 200 OK"
2025-10-13 20:17:19,692 - GuzoBot - INFO - HTTP Request: POST https://api.telegram.org/bot8275775663:AAHYHpSsk5OAL9aFwaKw5yR4k1L7uRwMstc/getUpdates "HTTP/1.1 200 OK"
2025-10-13 20:17:29,802 - GuzoBot - INFO - HTTP Request: POST https://api.telegram.org/bot8275775663:AAHYHpSsk5OAL9aFwaKw5yR4k1L7uRwMstc/getUpdates "HTTP/1.1 200 OK"
2025-10-13 20:17:39,902 - GuzoBot - INFO - HTTP Request: POST https://api.telegram.org/bot8275775663:AAHYHpSsk5OAL9aFwaKw5yR4k1L7uRwMstc/getUpdates "HTTP/1.1 200 OK"
2025-10-13 20:17:50,031 - GuzoBot - INFO - HTTP Request: POST https://api.telegram.org/bot8275775663:AAHYHpSsk5OAL9aFwaKw5yR4k1L7uRwMstc/getUpdates "HTTP/1.1 200 OK"
2025-10-13 20:18:00,139 - GuzoBot - INFO - HTTP Request: POST https://api.telegram.org/bot8275775663:AAHYHpSsk5OAL9aFwaKw5yR4k1L7uRwMstc/getUpdates "HTTP/1.1 200 OK"
2025-10-13 20:18:10,289 - GuzoBot - INFO - HTTP Request: POST https://api.telegram.org/bot8275775663:AAHYHpSsk5OAL9aFwaKw5yR4k1L7uRwMstc/getUpdates "HTTP/1.1 200 OK"
2025-10-13 20:18:20,383 - GuzoBot - INFO - HTTP Request: POST https://api.telegram.org/bot8275775663:AAHYHpSsk5OAL9aFwaKw5yR4k1L7uRwMstc/getUpdates "HTTP/1.1 200 OK"
2025-10-13 20:18:30,494 - GuzoBot - INFO - HTTP Request: POST https://api.telegram.org/bot8275775663:AAHYHpSsk5OAL9aFwaKw5yR4k1L7uRwMstc/getUpdates "HTTP/1.1 200 OK"
2025-10-13 20:18:40,599 - GuzoBot - INFO - HTTP Request: POST https://api.telegram.org/bot8275775663:AAHYHpSsk5OAL9aFwaKw5yR4k1L7uRwMstc/getUpdates "HTTP/1.1 200 OK"
2025-10-13 20:18:50,695 - GuzoBot - INFO - HTTP Request: POST https://api.telegram.org/bot8275775663:AAHYHpSsk5OAL9aFwaKw5yR4k1L7uRwMstc/getUpdates "HTTP/1.1 200 OK"
2025-10-13 20:19:00,807 - GuzoBot - INFO - HTTP Request: POST https://api.telegram.org/bot8275775663:AAHYHpSsk5OAL9aFwaKw5yR4k1L7uRwMstc/getUpdates "HTTP/1.1 200 OK"
2025-10-13 20:19:10,910 - GuzoBot - INFO - HTTP Request: POST https://api.telegram.org/bot8275775663:AAHYHpSsk5OAL9aFwaKw5yR4k1L7uRwMstc/getUpdates "HTTP/1.1 200 OK"
2025-10-13 20:19:21,009 - GuzoBot - INFO - HTTP Request: POST https://api.telegram.org/bot8275775663:AAHYHpSsk5OAL9aFwaKw5yR4k1L7uRwMstc/getUpdates "HTTP/1.1 200 OK"
2025-10-13 20:19:31,108 - GuzoBot - INFO - HTTP Request: POST https://api.telegram.org/bot8275775663:AAHYHpSsk5OAL9aFwaKw5yR4k1L7uRwMstc/getUpdates "HTTP/1.1 200 OK"
2025-10-13 20:19:41,211 - GuzoBot - INFO - HTTP Request: POST https://api.telegram.org/bot8275775663:AAHYHpSsk5OAL9aFwaKw5yR4k1L7uRwMstc/getUpdates "HTTP/1.1 200 OK"
2025-10-13 20:19:51,313 - GuzoBot - INFO - HTTP Request: POST https://api.telegram.org/bot8275775663:AAHYHpSsk5OAL9aFwaKw5yR4k1L7uRwMstc/getUpdates "HTTP/1.1 200 OK"
2025-10-13 20:20:01,412 - GuzoBot - INFO - HTTP Request: POST https://api.telegram.org/bot8275775663:AAHYHpSsk5OAL9aFwaKw5yR4k1L7uRwMstc/getUpdates "HTTP/1.1 200 OK"
2025-10-13 20:20:11,520 - GuzoBot - INFO - HTTP Request: POST https://api.telegram.org/bot8275775663:AAHYHpSsk5OAL9aFwaKw5yR4k1L7uRwMstc/getUpdates "HTTP/1.1 200 OK"
2025-10-13 20:20:21,645 - GuzoBot - INFO - HTTP Request: POST https://api.telegram.org/bot8275775663:AAHYHpSsk5OAL9aFwaKw5yR4k1L7uRwMstc/getUpdates "HTTP/1.1 200 OK"
2025-10-13 20:20:31,755 - GuzoBot - INFO - HTTP Request: POST https://api.telegram.org/bot8275775663:AAHYHpSsk5OAL9aFwaKw5yR4k1L7uRwMstc/getUpdates "HTTP/1.1 200 OK"
2025-10-13 20:20:41,867 - GuzoBot - INFO - HTTP Request: POST https://api.telegram.org/bot8275775663:AAHYHpSsk5OAL9aFwaKw5yR4k1L7uRwMstc/getUpdates "HTTP/1.1 200 OK"
2025-10-13 20:20:51,971 - GuzoBot - INFO - HTTP Request: POST https://api.telegram.org/bot8275775663:AAHYHpSsk5OAL9aFwaKw5yR4k1L7uRwMstc/getUpdates "HTTP/1.1 200 OK"
2025-10-13 20:21:02,068 - GuzoBot - INFO - HTTP Request: POST https://api.telegram.org/bot8275775663:AAHYHpSsk5OAL9aFwaKw5yR4k1L7uRwMstc/getUpdates "HTTP/1.1 200 OK"
2025-10-13 20:21:12,161 - GuzoBot - INFO - HTTP Request: POST https://api.telegram.org/bot8275775663:AAHYHpSsk5OAL9aFwaKw5yR4k1L7uRwMstc/getUpdates "HTTP/1.1 200 OK"
2025-10-13 20:21:22,273 - GuzoBot - INFO - HTTP Request: POST https://api.telegram.org/bot8275775663:AAHYHpSsk5OAL9aFwaKw5yR4k1L7uRwMstc/getUpdates "HTTP/1.1 200 OK"
2025-10-13 20:21:32,376 - GuzoBot - INFO - HTTP Request: POST https://api.telegram.org/bot8275775663:AAHYHpSsk5OAL9aFwaKw5yR4k1L7uRwMstc/getUpdates "HTTP/1.1 200 OK"
2025-10-13 20:21:42,477 - GuzoBot - INFO - HTTP Request: POST https://api.telegram.org/bot8275775663:AAHYHpSsk5OAL9aFwaKw5yR4k1L7uRwMstc/getUpdates "HTTP/1.1 200 OK"
2025-10-13 20:21:52,579 - GuzoBot - INFO - HTTP Request: POST https://api.telegram.org/bot8275775663:AAHYHpSsk5OAL9aFwaKw5yR4k1L7uRwMstc/getUpdates "HTTP/1.1 200 OK"
2025-10-13 20:22:02,674 - GuzoBot - INFO - HTTP Request: POST https://api.telegram.org/bot8275775663:AAHYHpSsk5OAL9aFwaKw5yR4k1L7uRwMstc/getUpdates "HTTP/1.1 200 OK"
2025-10-13 20:22:12,767 - GuzoBot - INFO - HTTP Request: POST https://api.telegram.org/bot8275775663:AAHYHpSsk5OAL9aFwaKw5yR4k1L7uRwMstc/getUpdates "HTTP/1.1 200 OK"
2025-10-13 20:22:22,871 - GuzoBot - INFO - HTTP Request: POST https://api.telegram.org/bot8275775663:AAHYHpSsk5OAL9aFwaKw5yR4k1L7uRwMstc/getUpdates "HTTP/1.1 200 OK"
2025-10-13 20:22:32,977 - GuzoBot - INFO - HTTP Request: POST https://api.telegram.org/bot8275775663:AAHYHpSsk5OAL9aFwaKw5yR4k1L7uRwMstc/getUpdates "HTTP/1.1 200 OK"
2025-10-13 20:22:43,244 - GuzoBot - INFO - HTTP Request: POST https://api.telegram.org/bot8275775663:AAHYHpSsk5OAL9aFwaKw5yR4k1L7uRwMstc/getUpdates "HTTP/1.1 200 OK"
2025-10-13 20:22:53,342 - GuzoBot - INFO - HTTP Request: POST https://api.telegram.org/bot8275775663:AAHYHpSsk5OAL9aFwaKw5yR4k1L7uRwMstc/getUpdates "HTTP/1.1 200 OK"
2025-10-13 20:23:03,444 - GuzoBot - INFO - HTTP Request: POST https://api.telegram.org/bot8275775663:AAHYHpSsk5OAL9aFwaKw5yR4k1L7uRwMstc/getUpdates "HTTP/1.1 200 OK"
2025-10-13 20:23:13,548 - GuzoBot - INFO - HTTP Request: POST https://api.telegram.org/bot8275775663:AAHYHpSsk5OAL9aFwaKw5yR4k1L7uRwMstc/getUpdates "HTTP/1.1 200 OK"
2025-10-13 20:23:23,644 - GuzoBot - INFO - HTTP Request: POST https://api.telegram.org/bot8275775663:AAHYHpSsk5OAL9aFwaKw5yR4k1L7uRwMstc/getUpdates "HTTP/1.1 200 OK"
2025-10-13 20:23:33,755 - GuzoBot - INFO - HTTP Request: POST https://api.telegram.org/bot8275775663:AAHYHpSsk5OAL9aFwaKw5yR4k1L7uRwMstc/getUpdates "HTTP/1.1 200 OK"
2025-10-13 20:23:43,857 - GuzoBot - INFO - HTTP Request: POST https://api.telegram.org/bot8275775663:AAHYHpSsk5OAL9aFwaKw5yR4k1L7uRwMstc/getUpdates "HTTP/1.1 200 OK"
2025-10-13 20:23:53,949 - GuzoBot - INFO - HTTP Request: POST https://api.telegram.org/bot8275775663:AAHYHpSsk5OAL9aFwaKw5yR4k1L7uRwMstc/getUpdates "HTTP/1.1 200 OK"
2025-10-13 20:24:04,048 - GuzoBot - INFO - HTTP Request: POST https://api.telegram.org/bot8275775663:AAHYHpSsk5OAL9aFwaKw5yR4k1L7uRwMstc/getUpdates "HTTP/1.1 200 OK"
2025-10-13 20:24:14,159 - GuzoBot - INFO - HTTP Request: POST https://api.telegram.org/bot8275775663:AAHYHpSsk5OAL9aFwaKw5yR4k1L7uRwMstc/getUpdates "HTTP/1.1 200 OK"
2025-10-13 20:24:24,251 - GuzoBot - INFO - HTTP Request: POST https://api.telegram.org/bot8275775663:AAHYHpSsk5OAL9aFwaKw5yR4k1L7uRwMstc/getUpdates "HTTP/1.1 200 OK"
2025-10-13 20:24:34,368 - GuzoBot - INFO - HTTP Request: POST https://api.telegram.org/bot8275775663:AAHYHpSsk5OAL9aFwaKw5yR4k1L7uRwMstc/getUpdates "HTTP/1.1 200 OK"
2025-10-13 20:24:44,475 - GuzoBot - INFO - HTTP Request: POST https://api.telegram.org/bot8275775663:AAHYHpSsk5OAL9aFwaKw5yR4k1L7uRwMstc/getUpdates "HTTP/1.1 200 OK"
2025-10-13 20:24:54,575 - GuzoBot - INFO - HTTP Request: POST https://api.telegram.org/bot8275775663:AAHYHpSsk5OAL9aFwaKw5yR4k1L7uRwMstc/getUpdates "HTTP/1.1 200 OK"
2025-10-13 20:25:04,674 - GuzoBot - INFO - HTTP Request: POST https://api.telegram.org/bot8275775663:AAHYHpSsk5OAL9aFwaKw5yR4k1L7uRwMstc/getUpdates "HTTP/1.1 200 OK"
2025-10-13 20:25:14,770 - GuzoBot - INFO - HTTP Request: POST https://api.telegram.org/bot8275775663:AAHYHpSsk5OAL9aFwaKw5yR4k1L7uRwMstc/getUpdates "HTTP/1.1 200 OK"
2025-10-13 20:25:24,877 - GuzoBot - INFO - HTTP Request: POST https://api.telegram.org/bot8275775663:AAHYHpSsk5OAL9aFwaKw5yR4k1L7uRwMstc/getUpdates "HTTP/1.1 200 OK"
2025-10-13 20:25:34,969 - GuzoBot - INFO - HTTP Request: POST https://api.telegram.org/bot8275775663:AAHYHpSsk5OAL9aFwaKw5yR4k1L7uRwMstc/getUpdates "HTTP/1.1 200 OK"
2025-10-13 20:25:45,085 - GuzoBot - INFO - HTTP Request: POST https://api.telegram.org/bot8275775663:AAHYHpSsk5OAL9aFwaKw5yR4k1L7uRwMstc/getUpdates "HTTP/1.1 200 OK"
2025-10-13 20:25:55,179 - GuzoBot - INFO - HTTP Request: POST https://api.telegram.org/bot8275775663:AAHYHpSsk5OAL9aFwaKw5yR4k1L7uRwMstc/getUpdates "HTTP/1.1 200 OK"
2025-10-13 20:26:05,287 - GuzoBot - INFO - HTTP Request: POST https://api.telegram.org/bot8275775663:AAHYHpSsk5OAL9aFwaKw5yR4k1L7uRwMstc/getUpdates "HTTP/1.1 200 OK"
2025-10-13 20:26:15,450 - GuzoBot - INFO - HTTP Request: POST https://api.telegram.org/bot8275775663:AAHYHpSsk5OAL9aFwaKw5yR4k1L7uRwMstc/getUpdates "HTTP/1.1 200 OK"
2025-10-13 20:26:25,558 - GuzoBot - INFO - HTTP Request: POST https://api.telegram.org/bot8275775663:AAHYHpSsk5OAL9aFwaKw5yR4k1L7uRwMstc/getUpdates "HTTP/1.1 200 OK"
2025-10-13 20:26:35,667 - GuzoBot - INFO - HTTP Request: POST https://api.telegram.org/bot8275775663:AAHYHpSsk5OAL9aFwaKw5yR4k1L7uRwMstc/getUpdates "HTTP/1.1 200 OK"
2025-10-13 20:26:45,858 - GuzoBot - INFO - HTTP Request: POST https://api.telegram.org/bot8275775663:AAHYHpSsk5OAL9aFwaKw5yR4k1L7uRwMstc/getUpdates "HTTP/1.1 200 OK"
2025-10-13 20:26:55,967 - GuzoBot - INFO - HTTP Request: POST https://api.telegram.org/bot8275775663:AAHYHpSsk5OAL9aFwaKw5yR4k1L7uRwMstc/getUpdates "HTTP/1.1 200 OK"
2025-10-13 20:27:06,064 - GuzoBot - INFO - HTTP Request: POST https://api.telegram.org/bot8275775663:AAHYHpSsk5OAL9aFwaKw5yR4k1L7uRwMstc/getUpdates "HTTP/1.1 200 OK"
2025-10-13 20:27:16,282 - GuzoBot - INFO - HTTP Request: POST https://api.telegram.org/bot8275775663:AAHYHpSsk5OAL9aFwaKw5yR4k1L7uRwMstc/getUpdates "HTTP/1.1 200 OK"
2025-10-13 20:27:26,373 - GuzoBot - INFO - HTTP Request: POST https://api.telegram.org/bot8275775663:AAHYHpSsk5OAL9aFwaKw5yR4k1L7uRwMstc/getUpdates "HTTP/1.1 200 OK"
2025-10-13 20:27:36,483 - GuzoBot - INFO - HTTP Request: POST https://api.telegram.org/bot8275775663:AAHYHpSsk5OAL9aFwaKw5yR4k1L7uRwMstc/getUpdates "HTTP/1.1 200 OK"
2025-10-13 20:27:46,585 - GuzoBot - INFO - HTTP Request: POST https://api.telegram.org/bot8275775663:AAHYHpSsk5OAL9aFwaKw5yR4k1L7uRwMstc/getUpdates "HTTP/1.1 200 OK"
2025-10-13 20:27:56,712 - GuzoBot - INFO - HTTP Request: POST https://api.telegram.org/bot8275775663:AAHYHpSsk5OAL9aFwaKw5yR4k1L7uRwMstc/getUpdates "HTTP/1.1 200 OK"
2025-10-13 20:28:06,811 - GuzoBot - INFO - HTTP Request: POST https://api.telegram.org/bot8275775663:AAHYHpSsk5OAL9aFwaKw5yR4k1L7uRwMstc/getUpdates "HTTP/1.1 200 OK"
2025-10-13 20:28:16,907 - GuzoBot - INFO - HTTP Request: POST https://api.telegram.org/bot8275775663:AAHYHpSsk5OAL9aFwaKw5yR4k1L7uRwMstc/getUpdates "HTTP/1.1 200 OK"
2025-10-13 20:28:27,013 - GuzoBot - INFO - HTTP Request: POST https://api.telegram.org/bot8275775663:AAHYHpSsk5OAL9aFwaKw5yR4k1L7uRwMstc/getUpdates "HTTP/1.1 200 OK"
2025-10-13 20:28:37,124 - GuzoBot - INFO - HTTP Request: POST https://api.telegram.org/bot8275775663:AAHYHpSsk5OAL9aFwaKw5yR4k1L7uRwMstc/getUpdates "HTTP/1.1 200 OK"
2025-10-13 20:28:47,217 - GuzoBot - INFO - HTTP Request: POST https://api.telegram.org/bot8275775663:AAHYHpSsk5OAL9aFwaKw5yR4k1L7uRwMstc/getUpdates "HTTP/1.1 200 OK"
2025-10-13 20:28:57,311 - GuzoBot - INFO - HTTP Request: POST https://api.telegram.org/bot8275775663:AAHYHpSsk5OAL9aFwaKw5yR4k1L7uRwMstc/getUpdates "HTTP/1.1 200 OK"
2025-10-13 20:29:07,436 - GuzoBot - INFO - HTTP Request: POST https://api.telegram.org/bot8275775663:AAHYHpSsk5OAL9aFwaKw5yR4k1L7uRwMstc/getUpdates "HTTP/1.1 200 OK"
2025-10-13 20:29:17,537 - GuzoBot - INFO - HTTP Request: POST https://api.telegram.org/bot8275775663:AAHYHpSsk5OAL9aFwaKw5yR4k1L7uRwMstc/getUpdates "HTTP/1.1 200 OK"
2025-10-13 20:29:27,637 - GuzoBot - INFO - HTTP Request: POST https://api.telegram.org/bot8275775663:AAHYHpSsk5OAL9aFwaKw5yR4k1L7uRwMstc/getUpdates "HTTP/1.1 200 OK"
2025-10-13 20:29:37,761 - GuzoBot - INFO - HTTP Request: POST https://api.telegram.org/bot8275775663:AAHYHpSsk5OAL9aFwaKw5yR4k1L7uRwMstc/getUpdates "HTTP/1.1 200 OK"
2025-10-13 20:29:47,864 - GuzoBot - INFO - HTTP Request: POST https://api.telegram.org/bot8275775663:AAHYHpSsk5OAL9aFwaKw5yR4k1L7uRwMstc/getUpdates "HTTP/1.1 200 OK"
2025-10-13 20:29:57,964 - GuzoBot - INFO - HTTP Request: POST https://api.telegram.org/bot8275775663:AAHYHpSsk5OAL9aFwaKw5yR4k1L7uRwMstc/getUpdates "HTTP/1.1 200 OK"
2025-10-13 20:30:08,398 - GuzoBot - INFO - HTTP Request: POST https://api.telegram.org/bot8275775663:AAHYHpSsk5OAL9aFwaKw5yR4k1L7uRwMstc/getUpdates "HTTP/1.1 200 OK"
2025-10-13 20:30:18,524 - GuzoBot - INFO - HTTP Request: POST https://api.telegram.org/bot8275775663:AAHYHpSsk5OAL9aFwaKw5yR4k1L7uRwMstc/getUpdates "HTTP/1.1 200 OK"
2025-10-13 20:30:28,680 - GuzoBot - INFO - HTTP Request: POST https://api.telegram.org/bot8275775663:AAHYHpSsk5OAL9aFwaKw5yR4k1L7uRwMstc/getUpdates "HTTP/1.1 200 OK"
2025-10-13 20:30:38,822 - GuzoBot - INFO - HTTP Request: POST https://api.telegram.org/bot8275775663:AAHYHpSsk5OAL9aFwaKw5yR4k1L7uRwMstc/getUpdates "HTTP/1.1 200 OK"
2025-10-13 20:30:48,971 - GuzoBot - INFO - HTTP Request: POST https://api.telegram.org/bot8275775663:AAHYHpSsk5OAL9aFwaKw5yR4k1L7uRwMstc/getUpdates "HTTP/1.1 200 OK"
2025-10-13 20:30:59,104 - GuzoBot - INFO - HTTP Request: POST https://api.telegram.org/bot8275775663:AAHYHpSsk5OAL9aFwaKw5yR4k1L7uRwMstc/getUpdates "HTTP/1.1 200 OK"
2025-10-13 20:31:09,241 - GuzoBot - INFO - HTTP Request: POST https://api.telegram.org/bot8275775663:AAHYHpSsk5OAL9aFwaKw5yR4k1L7uRwMstc/getUpdates "HTTP/1.1 200 OK"
2025-10-13 20:31:19,375 - GuzoBot - INFO - HTTP Request: POST https://api.telegram.org/bot8275775663:AAHYHpSsk5OAL9aFwaKw5yR4k1L7uRwMstc/getUpdates "HTTP/1.1 200 OK"
2025-10-13 20:31:29,511 - GuzoBot - INFO - HTTP Request: POST https://api.telegram.org/bot8275775663:AAHYHpSsk5OAL9aFwaKw5yR4k1L7uRwMstc/getUpdates "HTTP/1.1 200 OK"
2025-10-13 20:31:39,647 - GuzoBot - INFO - HTTP Request: POST https://api.telegram.org/bot8275775663:AAHYHpSsk5OAL9aFwaKw5yR4k1L7uRwMstc/getUpdates "HTTP/1.1 200 OK"
2025-10-13 20:31:49,793 - GuzoBot - INFO - HTTP Request: POST https://api.telegram.org/bot8275775663:AAHYHpSsk5OAL9aFwaKw5yR4k1L7uRwMstc/getUpdates "HTTP/1.1 200 OK"
2025-10-13 20:31:59,926 - GuzoBot - INFO - HTTP Request: POST https://api.telegram.org/bot8275775663:AAHYHpSsk5OAL9aFwaKw5yR4k1L7uRwMstc/getUpdates "HTTP/1.1 200 OK"
2025-10-13 20:32:10,069 - GuzoBot - INFO - HTTP Request: POST https://api.telegram.org/bot8275775663:AAHYHpSsk5OAL9aFwaKw5yR4k1L7uRwMstc/getUpdates "HTTP/1.1 200 OK"
2025-10-13 20:32:20,224 - GuzoBot - INFO - HTTP Request: POST https://api.telegram.org/bot8275775663:AAHYHpSsk5OAL9aFwaKw5yR4k1L7uRwMstc/getUpdates "HTTP/1.1 200 OK"
2025-10-13 20:32:30,352 - GuzoBot - INFO - HTTP Request: POST https://api.telegram.org/bot8275775663:AAHYHpSsk5OAL9aFwaKw5yR4k1L7uRwMstc/getUpdates "HTTP/1.1 200 OK"
2025-10-13 20:32:40,488 - GuzoBot - INFO - HTTP Request: POST https://api.telegram.org/bot8275775663:AAHYHpSsk5OAL9aFwaKw5yR4k1L7uRwMstc/getUpdates "HTTP/1.1 200 OK"
2025-10-13 20:32:50,628 - GuzoBot - INFO - HTTP Request: POST https://api.telegram.org/bot8275775663:AAHYHpSsk5OAL9aFwaKw5yR4k1L7uRwMstc/getUpdates "HTTP/1.1 200 OK"
2025-10-13 20:33:00,768 - GuzoBot - INFO - HTTP Request: POST https://api.telegram.org/bot8275775663:AAHYHpSsk5OAL9aFwaKw5yR4k1L7uRwMstc/getUpdates "HTTP/1.1 200 OK"
2025-10-13 20:33:10,899 - GuzoBot - INFO - HTTP Request: POST https://api.telegram.org/bot8275775663:AAHYHpSsk5OAL9aFwaKw5yR4k1L7uRwMstc/getUpdates "HTTP/1.1 200 OK"
2025-10-13 20:33:21,059 - GuzoBot - INFO - HTTP Request: POST https://api.telegram.org/bot8275775663:AAHYHpSsk5OAL9aFwaKw5yR4k1L7uRwMstc/getUpdates "HTTP/1.1 200 OK"
2025-10-13 20:33:31,191 - GuzoBot - INFO - HTTP Request: POST https://api.telegram.org/bot8275775663:AAHYHpSsk5OAL9aFwaKw5yR4k1L7uRwMstc/getUpdates "HTTP/1.1 200 OK"
2025-10-13 20:33:41,334 - GuzoBot - INFO - HTTP Request: POST https://api.telegram.org/bot8275775663:AAHYHpSsk5OAL9aFwaKw5yR4k1L7uRwMstc/getUpdates "HTTP/1.1 200 OK"
2025-10-13 20:33:51,461 - GuzoBot - INFO - HTTP Request: POST https://api.telegram.org/bot8275775663:AAHYHpSsk5OAL9aFwaKw5yR4k1L7uRwMstc/getUpdates "HTTP/1.1 200 OK"
2025-10-13 20:34:01,587 - GuzoBot - INFO - HTTP Request: POST https://api.telegram.org/bot8275775663:AAHYHpSsk5OAL9aFwaKw5yR4k1L7uRwMstc/getUpdates "HTTP/1.1 200 OK"
2025-10-13 20:34:11,734 - GuzoBot - INFO - HTTP Request: POST https://api.telegram.org/bot8275775663:AAHYHpSsk5OAL9aFwaKw5yR4k1L7uRwMstc/getUpdates "HTTP/1.1 200 OK"
2025-10-13 20:34:21,867 - GuzoBot - INFO - HTTP Request: POST https://api.telegram.org/bot8275775663:AAHYHpSsk5OAL9aFwaKw5yR4k1L7uRwMstc/getUpdates "HTTP/1.1 200 OK"
